# JRE version: OpenJDK Runtime Environment Temurin-21.0.8+9 (21.0.8+9) (build 21.0.8+9-LTS)
# Java VM: OpenJDK 64-Bit Server VM Temurin-21.0.8+9 (21.0.8+9-LTS, mixed mode, sharing, tiered, compressed oops, compressed class ptrs, parallel gc, windows-amd64)
GC Precious Log:
 CardTable entry size: 512
 CPUs: 12 total, 12 available
 Memory: 7876M
 Large Page Support: Disabled
 NUMA Support: Disabled
 Compressed Oops: Enabled (32-bit)
 Alignments: Space 512K, Generation 512K, Heap 2M
 Heap Min Capacity: 100M
 Heap Initial Capacity: 100M
 Heap Max Capacity: 2G
 Pre-touch: Disabled
 Parallel Workers: 10
Heap:
 PSYoungGen      total 2048K, used 313K [0x00000000d5580000, 0x00000000d5c00000, 0x0000000100000000)
  eden space 1536K, 9% used [0x00000000d5580000,0x00000000d55a6470,0x00000000d5700000)
  from space 512K, 31% used [0x00000000d5b00000,0x00000000d5b28000,0x00000000d5b80000)
  to   space 512K, 0% used [0x00000000d5b80000,0x00000000d5b80000,0x00000000d5c00000)
 ParOldGen       total 146944K, used 139968K [0x0000000080000000, 0x0000000088f80000, 0x00000000d5580000)
  object space 146944K, 95% used [0x0000000080000000,0x00000000888b02a8,0x0000000088f80000)
 Metaspace       used 71624K, committed 73280K, reserved 1114112K
  class space    used 7693K, committed 8384K, reserved 1048576K
GC Heap History (20 events):
Event: 12989.781 GC heap before
{Heap before GC invocations=199 (full 3):
 PSYoungGen      total 2048K, used 2000K [0x00000000d5580000, 0x00000000d5c00000, 0x0000000100000000)
  eden space 1536K, 97% used [0x00000000d5580000,0x00000000d56f7f38,0x00000000d5700000)
  from space 512K, 97% used [0x00000000d5b00000,0x00000000d5b7c468,0x00000000d5b80000)
  to   space 512K, 0% used [0x00000000d5b80000,0x00000000d5b80000,0x00000000d5c00000)
 ParOldGen       total 146944K, used 139287K [0x0000000080000000, 0x0000000088f80000, 0x00000000d5580000)
  object space 146944K, 94% used [0x0000000080000000,0x0000000088805f98,0x0000000088f80000)
 Metaspace       used 71580K, committed 73216K, reserved 1114112K
  class space    used 7693K, committed 8384K, reserved 1048576K
}
Event: 12989.783 GC heap after
{Heap after GC invocations=199 (full 3):
 PSYoungGen      total 2048K, used 224K [0x00000000d5580000, 0x00000000d5c00000, 0x0000000100000000)
  eden space 1536K, 0% used [0x00000000d5580000,0x00000000d5580000,0x00000000d5700000)
  from space 512K, 43% used [0x00000000d5b80000,0x00000000d5bb8000,0x00000000d5c00000)
  to   space 512K, 0% used [0x00000000d5b00000,0x00000000d5b00000,0x00000000d5b80000)
 ParOldGen       total 146944K, used 139488K [0x0000000080000000, 0x0000000088f80000, 0x00000000d5580000)
  object space 146944K, 94% used [0x0000000080000000,0x0000000088838248,0x0000000088f80000)
 Metaspace       used 71580K, committed 73216K, reserved 1114112K
  class space    used 7693K, committed 8384K, reserved 1048576K
}
Event: 12989.949 GC heap before
{Heap before GC invocations=200 (full 3):
 PSYoungGen      total 2048K, used 1760K [0x00000000d5580000, 0x00000000d5c00000, 0x0000000100000000)
  eden space 1536K, 100% used [0x00000000d5580000,0x00000000d5700000,0x00000000d5700000)
  from space 512K, 43% used [0x00000000d5b80000,0x00000000d5bb8000,0x00000000d5c00000)
  to   space 512K, 0% used [0x00000000d5b00000,0x00000000d5b00000,0x00000000d5b80000)
 ParOldGen       total 146944K, used 139488K [0x0000000080000000, 0x0000000088f80000, 0x00000000d5580000)
  object space 146944K, 94% used [0x0000000080000000,0x0000000088838248,0x0000000088f80000)
 Metaspace       used 71580K, committed 73216K, reserved 1114112K
  class space    used 7693K, committed 8384K, reserved 1048576K
}
Event: 12989.951 GC heap after
{Heap after GC invocations=200 (full 3):
 PSYoungGen      total 2048K, used 320K [0x00000000d5580000, 0x00000000d5c00000, 0x0000000100000000)
  eden space 1536K, 0% used [0x00000000d5580000,0x00000000d5580000,0x00000000d5700000)
  from space 512K, 62% used [0x00000000d5b00000,0x00000000d5b50000,0x00000000d5b80000)
  to   space 512K, 0% used [0x00000000d5b80000,0x00000000d5b80000,0x00000000d5c00000)
 ParOldGen       total 146944K, used 139536K [0x0000000080000000, 0x0000000088f80000, 0x00000000d5580000)
  object space 146944K, 94% used [0x0000000080000000,0x0000000088844248,0x0000000088f80000)
 Metaspace       used 71580K, committed 73216K, reserved 1114112K
  class space    used 7693K, committed 8384K, reserved 1048576K
}
Event: 12990.037 GC heap before
{Heap before GC invocations=201 (full 3):
 PSYoungGen      total 2048K, used 1780K [0x00000000d5580000, 0x00000000d5c00000, 0x0000000100000000)
  eden space 1536K, 95% used [0x00000000d5580000,0x00000000d56ed188,0x00000000d5700000)
  from space 512K, 62% used [0x00000000d5b00000,0x00000000d5b50000,0x00000000d5b80000)
  to   space 512K, 0% used [0x00000000d5b80000,0x00000000d5b80000,0x00000000d5c00000)
 ParOldGen       total 146944K, used 139536K [0x0000000080000000, 0x0000000088f80000, 0x00000000d5580000)
  object space 146944K, 94% used [0x0000000080000000,0x0000000088844248,0x0000000088f80000)
 Metaspace       used 71581K, committed 73216K, reserved 1114112K
  class space    used 7693K, committed 8384K, reserved 1048576K
}
Event: 12990.041 GC heap after
{Heap after GC invocations=201 (full 3):
 PSYoungGen      total 2048K, used 192K [0x00000000d5580000, 0x00000000d5c00000, 0x0000000100000000)
  eden space 1536K, 0% used [0x00000000d5580000,0x00000000d5580000,0x00000000d5700000)
  from space 512K, 37% used [0x00000000d5b80000,0x00000000d5bb0000,0x00000000d5c00000)
  to   space 512K, 0% used [0x00000000d5b00000,0x00000000d5b00000,0x00000000d5b80000)
 ParOldGen       total 146944K, used 139584K [0x0000000080000000, 0x0000000088f80000, 0x00000000d5580000)
  object space 146944K, 94% used [0x0000000080000000,0x0000000088850248,0x0000000088f80000)
 Metaspace       used 71581K, committed 73216K, reserved 1114112K
  class space    used 7693K, committed 8384K, reserved 1048576K
}
Event: 12990.125 GC heap before
{Heap before GC invocations=202 (full 3):
 PSYoungGen      total 2048K, used 1728K [0x00000000d5580000, 0x00000000d5c00000, 0x0000000100000000)
  eden space 1536K, 100% used [0x00000000d5580000,0x00000000d5700000,0x00000000d5700000)
  from space 512K, 37% used [0x00000000d5b80000,0x00000000d5bb0000,0x00000000d5c00000)
  to   space 512K, 0% used [0x00000000d5b00000,0x00000000d5b00000,0x00000000d5b80000)
 ParOldGen       total 146944K, used 139584K [0x0000000080000000, 0x0000000088f80000, 0x00000000d5580000)
  object space 146944K, 94% used [0x0000000080000000,0x0000000088850248,0x0000000088f80000)
 Metaspace       used 71581K, committed 73216K, reserved 1114112K
  class space    used 7693K, committed 8384K, reserved 1048576K
}
Event: 12990.126 GC heap after
{Heap after GC invocations=202 (full 3):
 PSYoungGen      total 2048K, used 224K [0x00000000d5580000, 0x00000000d5c00000, 0x0000000100000000)
  eden space 1536K, 0% used [0x00000000d5580000,0x00000000d5580000,0x00000000d5700000)
  from space 512K, 43% used [0x00000000d5b00000,0x00000000d5b38000,0x00000000d5b80000)
  to   space 512K, 0% used [0x00000000d5b80000,0x00000000d5b80000,0x00000000d5c00000)
 ParOldGen       total 146944K, used 139632K [0x0000000080000000, 0x0000000088f80000, 0x00000000d5580000)
  object space 146944K, 95% used [0x0000000080000000,0x000000008885c248,0x0000000088f80000)
 Metaspace       used 71581K, committed 73216K, reserved 1114112K
  class space    used 7693K, committed 8384K, reserved 1048576K
}
Event: 12991.657 GC heap before
{Heap before GC invocations=203 (full 3):
 PSYoungGen      total 2048K, used 1759K [0x00000000d5580000, 0x00000000d5c00000, 0x0000000100000000)
  eden space 1536K, 99% used [0x00000000d5580000,0x00000000d56fffd8,0x00000000d5700000)
  from space 512K, 43% used [0x00000000d5b00000,0x00000000d5b38000,0x00000000d5b80000)
  to   space 512K, 0% used [0x00000000d5b80000,0x00000000d5b80000,0x00000000d5c00000)
 ParOldGen       total 146944K, used 139632K [0x0000000080000000, 0x0000000088f80000, 0x00000000d5580000)
  object space 146944K, 95% used [0x0000000080000000,0x000000008885c248,0x0000000088f80000)
 Metaspace       used 71581K, committed 73216K, reserved 1114112K
  class space    used 7693K, committed 8384K, reserved 1048576K
}
Event: 12991.661 GC heap after
{Heap after GC invocations=203 (full 3):
 PSYoungGen      total 2048K, used 224K [0x00000000d5580000, 0x00000000d5c00000, 0x0000000100000000)
  eden space 1536K, 0% used [0x00000000d5580000,0x00000000d5580000,0x00000000d5700000)
  from space 512K, 43% used [0x00000000d5b80000,0x00000000d5bb8000,0x00000000d5c00000)
  to   space 512K, 0% used [0x00000000d5b00000,0x00000000d5b00000,0x00000000d5b80000)
 ParOldGen       total 146944K, used 139680K [0x0000000080000000, 0x0000000088f80000, 0x00000000d5580000)
  object space 146944K, 95% used [0x0000000080000000,0x0000000088868248,0x0000000088f80000)
 Metaspace       used 71581K, committed 73216K, reserved 1114112K
  class space    used 7693K, committed 8384K, reserved 1048576K
}
Event: 12992.439 GC heap before
{Heap before GC invocations=204 (full 3):
 PSYoungGen      total 2048K, used 1760K [0x00000000d5580000, 0x00000000d5c00000, 0x0000000100000000)
  eden space 1536K, 100% used [0x00000000d5580000,0x00000000d5700000,0x00000000d5700000)
  from space 512K, 43% used [0x00000000d5b80000,0x00000000d5bb8000,0x00000000d5c00000)
  to   space 512K, 0% used [0x00000000d5b00000,0x00000000d5b00000,0x00000000d5b80000)
 ParOldGen       total 146944K, used 139680K [0x0000000080000000, 0x0000000088f80000, 0x00000000d5580000)
  object space 146944K, 95% used [0x0000000080000000,0x0000000088868248,0x0000000088f80000)
 Metaspace       used 71588K, committed 73216K, reserved 1114112K
  class space    used 7693K, committed 8384K, reserved 1048576K
}
Event: 12992.456 GC heap after
{Heap after GC invocations=204 (full 3):
 PSYoungGen      total 2048K, used 368K [0x00000000d5580000, 0x00000000d5c00000, 0x0000000100000000)
  eden space 1536K, 0% used [0x00000000d5580000,0x00000000d5580000,0x00000000d5700000)
  from space 512K, 71% used [0x00000000d5b00000,0x00000000d5b5c030,0x00000000d5b80000)
  to   space 512K, 0% used [0x00000000d5b80000,0x00000000d5b80000,0x00000000d5c00000)
 ParOldGen       total 146944K, used 139720K [0x0000000080000000, 0x0000000088f80000, 0x00000000d5580000)
  object space 146944K, 95% used [0x0000000080000000,0x0000000088872248,0x0000000088f80000)
 Metaspace       used 71588K, committed 73216K, reserved 1114112K
  class space    used 7693K, committed 8384K, reserved 1048576K
}
Event: 14487.931 GC heap before
{Heap before GC invocations=205 (full 3):
 PSYoungGen      total 2048K, used 1904K [0x00000000d5580000, 0x00000000d5c00000, 0x0000000100000000)
  eden space 1536K, 100% used [0x00000000d5580000,0x00000000d5700000,0x00000000d5700000)
  from space 512K, 71% used [0x00000000d5b00000,0x00000000d5b5c030,0x00000000d5b80000)
  to   space 512K, 0% used [0x00000000d5b80000,0x00000000d5b80000,0x00000000d5c00000)
 ParOldGen       total 146944K, used 139720K [0x0000000080000000, 0x0000000088f80000, 0x00000000d5580000)
  object space 146944K, 95% used [0x0000000080000000,0x0000000088872248,0x0000000088f80000)
 Metaspace       used 71591K, committed 73216K, reserved 1114112K
  class space    used 7693K, committed 8384K, reserved 1048576K
}
Event: 14488.087 GC heap after
{Heap after GC invocations=205 (full 3):
 PSYoungGen      total 2048K, used 288K [0x00000000d5580000, 0x00000000d5c00000, 0x0000000100000000)
  eden space 1536K, 0% used [0x00000000d5580000,0x00000000d5580000,0x00000000d5700000)
  from space 512K, 56% used [0x00000000d5b80000,0x00000000d5bc8000,0x00000000d5c00000)
  to   space 512K, 0% used [0x00000000d5b00000,0x00000000d5b00000,0x00000000d5b80000)
 ParOldGen       total 146944K, used 139912K [0x0000000080000000, 0x0000000088f80000, 0x00000000d5580000)
  object space 146944K, 95% used [0x0000000080000000,0x00000000888a22a8,0x0000000088f80000)
 Metaspace       used 71591K, committed 73216K, reserved 1114112K
  class space    used 7693K, committed 8384K, reserved 1048576K
}
Event: 17769.941 GC heap before
{Heap before GC invocations=206 (full 3):
 PSYoungGen      total 2048K, used 1823K [0x00000000d5580000, 0x00000000d5c00000, 0x0000000100000000)
  eden space 1536K, 99% used [0x00000000d5580000,0x00000000d56fffc8,0x00000000d5700000)
  from space 512K, 56% used [0x00000000d5b80000,0x00000000d5bc8000,0x00000000d5c00000)
  to   space 512K, 0% used [0x00000000d5b00000,0x00000000d5b00000,0x00000000d5b80000)
 ParOldGen       total 146944K, used 139912K [0x0000000080000000, 0x0000000088f80000, 0x00000000d5580000)
  object space 146944K, 95% used [0x0000000080000000,0x00000000888a22a8,0x0000000088f80000)
 Metaspace       used 71617K, committed 73216K, reserved 1114112K
  class space    used 7693K, committed 8384K, reserved 1048576K
}
Event: 17770.101 GC heap after
{Heap after GC invocations=206 (full 3):
 PSYoungGen      total 2048K, used 192K [0x00000000d5580000, 0x00000000d5c00000, 0x0000000100000000)
  eden space 1536K, 0% used [0x00000000d5580000,0x00000000d5580000,0x00000000d5700000)
  from space 512K, 37% used [0x00000000d5b00000,0x00000000d5b30000,0x00000000d5b80000)
  to   space 512K, 0% used [0x00000000d5b80000,0x00000000d5b80000,0x00000000d5c00000)
 ParOldGen       total 146944K, used 139952K [0x0000000080000000, 0x0000000088f80000, 0x00000000d5580000)
  object space 146944K, 95% used [0x0000000080000000,0x00000000888ac2a8,0x0000000088f80000)
 Metaspace       used 71617K, committed 73216K, reserved 1114112K
  class space    used 7693K, committed 8384K, reserved 1048576K
}
Event: 21341.946 GC heap before
{Heap before GC invocations=207 (full 3):
 PSYoungGen      total 2048K, used 1727K [0x00000000d5580000, 0x00000000d5c00000, 0x0000000100000000)
  eden space 1536K, 99% used [0x00000000d5580000,0x00000000d56ffff8,0x00000000d5700000)
  from space 512K, 37% used [0x00000000d5b00000,0x00000000d5b30000,0x00000000d5b80000)
  to   space 512K, 0% used [0x00000000d5b80000,0x00000000d5b80000,0x00000000d5c00000)
 ParOldGen       total 146944K, used 139952K [0x0000000080000000, 0x0000000088f80000, 0x00000000d5580000)
  object space 146944K, 95% used [0x0000000080000000,0x00000000888ac2a8,0x0000000088f80000)
 Metaspace       used 71624K, committed 73280K, reserved 1114112K
  class space    used 7693K, committed 8384K, reserved 1048576K
}
Event: 21342.164 GC heap after
{Heap after GC invocations=207 (full 3):
 PSYoungGen      total 2048K, used 192K [0x00000000d5580000, 0x00000000d5c00000, 0x0000000100000000)
  eden space 1536K, 0% used [0x00000000d5580000,0x00000000d5580000,0x00000000d5700000)
  from space 512K, 37% used [0x00000000d5b80000,0x00000000d5bb0000,0x00000000d5c00000)
  to   space 512K, 0% used [0x00000000d5b00000,0x00000000d5b00000,0x00000000d5b80000)
 ParOldGen       total 146944K, used 139960K [0x0000000080000000, 0x0000000088f80000, 0x00000000d5580000)
  object space 146944K, 95% used [0x0000000080000000,0x00000000888ae2a8,0x0000000088f80000)
 Metaspace       used 71624K, committed 73280K, reserved 1114112K
  class space    used 7693K, committed 8384K, reserved 1048576K
}
Event: 24896.930 GC heap before
{Heap before GC invocations=208 (full 3):
 PSYoungGen      total 2048K, used 1728K [0x00000000d5580000, 0x00000000d5c00000, 0x0000000100000000)
  eden space 1536K, 100% used [0x00000000d5580000,0x00000000d5700000,0x00000000d5700000)
  from space 512K, 37% used [0x00000000d5b80000,0x00000000d5bb0000,0x00000000d5c00000)
  to   space 512K, 0% used [0x00000000d5b00000,0x00000000d5b00000,0x00000000d5b80000)
 ParOldGen       total 146944K, used 139960K [0x0000000080000000, 0x0000000088f80000, 0x00000000d5580000)
  object space 146944K, 95% used [0x0000000080000000,0x00000000888ae2a8,0x0000000088f80000)
 Metaspace       used 71624K, committed 73280K, reserved 1114112K
  class space    used 7693K, committed 8384K, reserved 1048576K
}
Event: 24897.079 GC heap after
{Heap after GC invocations=208 (full 3):
 PSYoungGen      total 2048K, used 160K [0x00000000d5580000, 0x00000000d5c00000, 0x0000000100000000)
  eden space 1536K, 0% used [0x00000000d5580000,0x00000000d5580000,0x00000000d5700000)
  from space 512K, 31% used [0x00000000d5b00000,0x00000000d5b28000,0x00000000d5b80000)
  to   space 512K, 0% used [0x00000000d5b80000,0x00000000d5b80000,0x00000000d5c00000)
 ParOldGen       total 146944K, used 139968K [0x0000000080000000, 0x0000000088f80000, 0x00000000d5580000)
  object space 146944K, 95% used [0x0000000080000000,0x00000000888b02a8,0x0000000088f80000)
 Metaspace       used 71624K, committed 73280K, reserved 1114112K
  class space    used 7693K, committed 8384K, reserved 1048576K
}

